#! /c/Source/iverilog-install/bin/vvp
:ivl_version "12.0 (devel)" "(s20150603-1110-g18392a46)";
:ivl_delay_selection "TYPICAL";
:vpi_time_precision + 0;
:vpi_module "C:\iverilog\lib\ivl\system.vpi";
:vpi_module "C:\iverilog\lib\ivl\vhdl_sys.vpi";
:vpi_module "C:\iverilog\lib\ivl\vhdl_textio.vpi";
:vpi_module "C:\iverilog\lib\ivl\v2005_math.vpi";
:vpi_module "C:\iverilog\lib\ivl\va_math.vpi";
S_00000227771fc9e0 .scope module, "test" "test" 2 1;
 .timescale 0 0;
v000002277725b8a0_0 .var "a", 0 0;
v000002277725cca0_0 .var "b", 0 0;
v000002277725c480_0 .var/i "i", 31 0;
v000002277725c160_0 .var "rin", 0 0;
v000002277725c8e0_0 .net "rout", 0 0, L_00000227771f71a0;  1 drivers
v000002277725be40_0 .net "z", 0 0, L_0000022777204a30;  1 drivers
S_000002277734cff0 .scope module, "adder" "FA" 2 6, 3 1 0, S_00000227771fc9e0;
 .timescale 0 0;
    .port_info 0 /OUTPUT 1 "rout";
    .port_info 1 /OUTPUT 1 "z";
    .port_info 2 /INPUT 1 "rin";
    .port_info 3 /INPUT 1 "a";
    .port_info 4 /INPUT 1 "b";
L_00000227771f7520 .functor AND 1, v000002277725b8a0_0, v000002277725cca0_0, C4<1>, C4<1>;
L_00000227771f7210 .functor AND 1, v000002277725cca0_0, v000002277725c160_0, C4<1>, C4<1>;
L_00000227771f7590 .functor OR 1, L_00000227771f7520, L_00000227771f7210, C4<0>, C4<0>;
L_00000227771f70c0 .functor AND 1, v000002277725b8a0_0, v000002277725c160_0, C4<1>, C4<1>;
L_00000227771f71a0 .functor OR 1, L_00000227771f7590, L_00000227771f70c0, C4<0>, C4<0>;
L_00000227771f7600 .functor AND 1, L_000002277725c520, L_000002277725b4e0, C4<1>, C4<1>;
L_00000227771f6f00 .functor AND 1, L_00000227771f7600, v000002277725c160_0, C4<1>, C4<1>;
L_00000227771f6fe0 .functor AND 1, L_000002277725c980, v000002277725cca0_0, C4<1>, C4<1>;
L_00000227771f7360 .functor AND 1, L_00000227771f6fe0, L_000002277725c0c0, C4<1>, C4<1>;
L_00000227771f7050 .functor OR 1, L_00000227771f6f00, L_00000227771f7360, C4<0>, C4<0>;
L_00000227771f7280 .functor AND 1, v000002277725b8a0_0, L_000002277725b580, C4<1>, C4<1>;
L_0000022777204950 .functor AND 1, L_00000227771f7280, L_000002277725b9e0, C4<1>, C4<1>;
L_00000227772045d0 .functor OR 1, L_00000227771f7050, L_0000022777204950, C4<0>, C4<0>;
L_00000227772046b0 .functor AND 1, v000002277725b8a0_0, v000002277725cca0_0, C4<1>, C4<1>;
L_0000022777204330 .functor AND 1, L_00000227772046b0, v000002277725c160_0, C4<1>, C4<1>;
L_0000022777204a30 .functor OR 1, L_00000227772045d0, L_0000022777204330, C4<0>, C4<0>;
v00000227771facd0_0 .net *"_ivl_1", 0 0, L_00000227771f7520;  1 drivers
v00000227771faff0_0 .net *"_ivl_11", 0 0, L_000002277725c520;  1 drivers
v00000227771fb450_0 .net *"_ivl_13", 0 0, L_000002277725b4e0;  1 drivers
v00000227771fb630_0 .net *"_ivl_15", 0 0, L_00000227771f7600;  1 drivers
v00000227771fb1d0_0 .net *"_ivl_17", 0 0, L_00000227771f6f00;  1 drivers
v00000227771fa730_0 .net *"_ivl_19", 0 0, L_000002277725c980;  1 drivers
v00000227771fa870_0 .net *"_ivl_21", 0 0, L_00000227771f6fe0;  1 drivers
v00000227771fad70_0 .net *"_ivl_23", 0 0, L_000002277725c0c0;  1 drivers
v00000227771fa7d0_0 .net *"_ivl_25", 0 0, L_00000227771f7360;  1 drivers
v00000227771faeb0_0 .net *"_ivl_27", 0 0, L_00000227771f7050;  1 drivers
v00000227771faf50_0 .net *"_ivl_29", 0 0, L_000002277725b580;  1 drivers
v00000227771fb270_0 .net *"_ivl_3", 0 0, L_00000227771f7210;  1 drivers
v00000227771fa910_0 .net *"_ivl_31", 0 0, L_00000227771f7280;  1 drivers
v00000227771faa50_0 .net *"_ivl_33", 0 0, L_000002277725b9e0;  1 drivers
v00000227771faaf0_0 .net *"_ivl_35", 0 0, L_0000022777204950;  1 drivers
v00000227771fab90_0 .net *"_ivl_37", 0 0, L_00000227772045d0;  1 drivers
v00000227771fae10_0 .net *"_ivl_39", 0 0, L_00000227772046b0;  1 drivers
v00000227771fb090_0 .net *"_ivl_41", 0 0, L_0000022777204330;  1 drivers
v00000227771fb130_0 .net *"_ivl_5", 0 0, L_00000227771f7590;  1 drivers
v00000227771fac30_0 .net *"_ivl_7", 0 0, L_00000227771f70c0;  1 drivers
v00000227771fb310_0 .net "a", 0 0, v000002277725b8a0_0;  1 drivers
v00000227771fb3b0_0 .net "b", 0 0, v000002277725cca0_0;  1 drivers
v00000227771fb4f0_0 .net "rin", 0 0, v000002277725c160_0;  1 drivers
v00000227771fb590_0 .net "rout", 0 0, L_00000227771f71a0;  alias, 1 drivers
v000002277725b800_0 .net "z", 0 0, L_0000022777204a30;  alias, 1 drivers
L_000002277725c520 .reduce/nor v000002277725b8a0_0;
L_000002277725b4e0 .reduce/nor v000002277725cca0_0;
L_000002277725c980 .reduce/nor v000002277725b8a0_0;
L_000002277725c0c0 .reduce/nor v000002277725c160_0;
L_000002277725b580 .reduce/nor v000002277725cca0_0;
L_000002277725b9e0 .reduce/nor v000002277725c160_0;
    .scope S_00000227771fc9e0;
T_0 ;
    %pushi/vec4 0, 0, 1;
    %store/vec4 v000002277725b8a0_0, 0, 1;
    %pushi/vec4 0, 0, 1;
    %store/vec4 v000002277725cca0_0, 0, 1;
    %pushi/vec4 0, 0, 1;
    %store/vec4 v000002277725c160_0, 0, 1;
    %vpi_call 2 14 "$dumpfile", "test_fa.vcd" {0 0 0};
    %vpi_call 2 15 "$dumpvars" {0 0 0};
    %delay 1, 0;
    %vpi_call 2 17 "$display", "(a b rin) => (rout z)" {0 0 0};
    %pushi/vec4 0, 0, 32;
    %store/vec4 v000002277725c480_0, 0, 32;
T_0.0 ;
    %load/vec4 v000002277725c480_0;
    %cmpi/s 8, 0, 32;
    %jmp/0xz T_0.1, 5;
    %delay 2, 0;
    %load/vec4 v000002277725c480_0;
    %pad/s 3;
    %split/vec4 1;
    %store/vec4 v000002277725c160_0, 0, 1;
    %split/vec4 1;
    %store/vec4 v000002277725cca0_0, 0, 1;
    %store/vec4 v000002277725b8a0_0, 0, 1;
    %delay 1, 0;
    %vpi_call 2 22 "$display", "(%b %b %b) => (%b %b)", v000002277725b8a0_0, v000002277725cca0_0, v000002277725c160_0, v000002277725c8e0_0, v000002277725be40_0 {0 0 0};
    ; show_stmt_assign_vector: Get l-value for compressed += operand
    %load/vec4 v000002277725c480_0;
    %pushi/vec4 1, 0, 32;
    %add;
    %store/vec4 v000002277725c480_0, 0, 32;
    %jmp T_0.0;
T_0.1 ;
    %vpi_call 2 24 "$finish" {0 0 0};
    %end;
    .thread T_0;
# The file index is used to find the file name in the following table.
:file_names 4;
    "N/A";
    "<interactive>";
    "main.v";
    "FA_1bit.v";
