#! /c/Source/iverilog-install/bin/vvp
:ivl_version "12.0 (devel)" "(s20150603-1110-g18392a46)";
:ivl_delay_selection "TYPICAL";
:vpi_time_precision + 0;
:vpi_module "C:\iverilog\lib\ivl\system.vpi";
:vpi_module "C:\iverilog\lib\ivl\vhdl_sys.vpi";
:vpi_module "C:\iverilog\lib\ivl\vhdl_textio.vpi";
:vpi_module "C:\iverilog\lib\ivl\v2005_math.vpi";
:vpi_module "C:\iverilog\lib\ivl\va_math.vpi";
S_000001edc1fe2690 .scope module, "test" "test" 2 1;
 .timescale 0 0;
v000001edc2047470_0 .var "a", 1 0;
v000001edc2047f10_0 .var "b", 1 0;
v000001edc2047510_0 .var/i "i", 31 0;
v000001edc20471f0_0 .var "rin", 0 0;
v000001edc2047010_0 .net "rout", 0 0, L_000001edc1fde0d0;  1 drivers
v000001edc2047970_0 .net "z", 1 0, L_000001edc2046e30;  1 drivers
S_000001edc1fe2820 .scope module, "adder" "FA_2bit" 2 10, 3 1 0, S_000001edc1fe2690;
 .timescale 0 0;
    .port_info 0 /OUTPUT 1 "rout";
    .port_info 1 /OUTPUT 2 "z";
    .port_info 2 /INPUT 1 "rin";
    .port_info 3 /INPUT 2 "a";
    .port_info 4 /INPUT 2 "b";
v000001edc203cb90_0 .net "a", 1 0, v000001edc2047470_0;  1 drivers
v000001edc203d130_0 .net "b", 1 0, v000001edc2047f10_0;  1 drivers
v000001edc203d1d0_0 .net "rin", 0 0, v000001edc20471f0_0;  1 drivers
v000001edc203d310_0 .net "rips", 0 0, L_000001edc1fdda40;  1 drivers
v000001edc2046a70_0 .net "rout", 0 0, L_000001edc1fde0d0;  alias, 1 drivers
v000001edc20473d0_0 .net "z", 1 0, L_000001edc2046e30;  alias, 1 drivers
L_000001edc20470b0 .part v000001edc2047470_0, 0, 1;
L_000001edc2046cf0 .part v000001edc2047f10_0, 0, 1;
L_000001edc2046e30 .concat8 [ 1 1 0 0], L_000001edc1fddb90, L_000001edc2049d70;
L_000001edc2047ab0 .part v000001edc2047470_0, 1, 1;
L_000001edc2046c50 .part v000001edc2047f10_0, 1, 1;
S_000001edc1fe8040 .scope module, "FA0" "FA" 3 3, 4 1 0, S_000001edc1fe2820;
 .timescale 0 0;
    .port_info 0 /OUTPUT 1 "rout";
    .port_info 1 /OUTPUT 1 "z";
    .port_info 2 /INPUT 1 "rin";
    .port_info 3 /INPUT 1 "a";
    .port_info 4 /INPUT 1 "b";
L_000001edc1fdde30 .functor AND 1, L_000001edc20470b0, L_000001edc2046cf0, C4<1>, C4<1>;
L_000001edc1fdd960 .functor AND 1, L_000001edc2046cf0, v000001edc20471f0_0, C4<1>, C4<1>;
L_000001edc1fddea0 .functor OR 1, L_000001edc1fdde30, L_000001edc1fdd960, C4<0>, C4<0>;
L_000001edc1fdd9d0 .functor AND 1, L_000001edc20470b0, v000001edc20471f0_0, C4<1>, C4<1>;
L_000001edc1fdda40 .functor OR 1, L_000001edc1fddea0, L_000001edc1fdd9d0, C4<0>, C4<0>;
L_000001edc1fddab0 .functor AND 1, L_000001edc2047330, L_000001edc2046390, C4<1>, C4<1>;
L_000001edc1fddff0 .functor AND 1, L_000001edc1fddab0, v000001edc20471f0_0, C4<1>, C4<1>;
L_000001edc1fde060 .functor AND 1, L_000001edc2047fb0, L_000001edc2046cf0, C4<1>, C4<1>;
L_000001edc1fdd490 .functor AND 1, L_000001edc1fde060, L_000001edc20475b0, C4<1>, C4<1>;
L_000001edc1fdd500 .functor OR 1, L_000001edc1fddff0, L_000001edc1fdd490, C4<0>, C4<0>;
L_000001edc1fdd650 .functor AND 1, L_000001edc20470b0, L_000001edc2046930, C4<1>, C4<1>;
L_000001edc1fdd880 .functor AND 1, L_000001edc1fdd650, L_000001edc20467f0, C4<1>, C4<1>;
L_000001edc1fde220 .functor OR 1, L_000001edc1fdd500, L_000001edc1fdd880, C4<0>, C4<0>;
L_000001edc1fde290 .functor AND 1, L_000001edc20470b0, L_000001edc2046cf0, C4<1>, C4<1>;
L_000001edc1fdd6c0 .functor AND 1, L_000001edc1fde290, v000001edc20471f0_0, C4<1>, C4<1>;
L_000001edc1fddb90 .functor OR 1, L_000001edc1fde220, L_000001edc1fdd6c0, C4<0>, C4<0>;
v000001edc1fdc270_0 .net *"_ivl_1", 0 0, L_000001edc1fdde30;  1 drivers
v000001edc1fdc310_0 .net *"_ivl_11", 0 0, L_000001edc2047330;  1 drivers
v000001edc1fdc4f0_0 .net *"_ivl_13", 0 0, L_000001edc2046390;  1 drivers
v000001edc1fdc950_0 .net *"_ivl_15", 0 0, L_000001edc1fddab0;  1 drivers
v000001edc203d090_0 .net *"_ivl_17", 0 0, L_000001edc1fddff0;  1 drivers
v000001edc203def0_0 .net *"_ivl_19", 0 0, L_000001edc2047fb0;  1 drivers
v000001edc203cd70_0 .net *"_ivl_21", 0 0, L_000001edc1fde060;  1 drivers
v000001edc203ce10_0 .net *"_ivl_23", 0 0, L_000001edc20475b0;  1 drivers
v000001edc203d810_0 .net *"_ivl_25", 0 0, L_000001edc1fdd490;  1 drivers
v000001edc203df90_0 .net *"_ivl_27", 0 0, L_000001edc1fdd500;  1 drivers
v000001edc203c0f0_0 .net *"_ivl_29", 0 0, L_000001edc2046930;  1 drivers
v000001edc203ceb0_0 .net *"_ivl_3", 0 0, L_000001edc1fdd960;  1 drivers
v000001edc203cf50_0 .net *"_ivl_31", 0 0, L_000001edc1fdd650;  1 drivers
v000001edc203d8b0_0 .net *"_ivl_33", 0 0, L_000001edc20467f0;  1 drivers
v000001edc203d630_0 .net *"_ivl_35", 0 0, L_000001edc1fdd880;  1 drivers
v000001edc203c370_0 .net *"_ivl_37", 0 0, L_000001edc1fde220;  1 drivers
v000001edc203c7d0_0 .net *"_ivl_39", 0 0, L_000001edc1fde290;  1 drivers
v000001edc203d590_0 .net *"_ivl_41", 0 0, L_000001edc1fdd6c0;  1 drivers
v000001edc203d3b0_0 .net *"_ivl_5", 0 0, L_000001edc1fddea0;  1 drivers
v000001edc203c730_0 .net *"_ivl_7", 0 0, L_000001edc1fdd9d0;  1 drivers
v000001edc203c870_0 .net "a", 0 0, L_000001edc20470b0;  1 drivers
v000001edc203c230_0 .net "b", 0 0, L_000001edc2046cf0;  1 drivers
v000001edc203d270_0 .net "rin", 0 0, v000001edc20471f0_0;  alias, 1 drivers
v000001edc203db30_0 .net "rout", 0 0, L_000001edc1fdda40;  alias, 1 drivers
v000001edc203c5f0_0 .net "z", 0 0, L_000001edc1fddb90;  1 drivers
L_000001edc2047330 .reduce/nor L_000001edc20470b0;
L_000001edc2046390 .reduce/nor L_000001edc2046cf0;
L_000001edc2047fb0 .reduce/nor L_000001edc20470b0;
L_000001edc20475b0 .reduce/nor v000001edc20471f0_0;
L_000001edc2046930 .reduce/nor L_000001edc2046cf0;
L_000001edc20467f0 .reduce/nor v000001edc20471f0_0;
S_000001edc1fe82e0 .scope module, "FA1" "FA" 3 4, 4 1 0, S_000001edc1fe2820;
 .timescale 0 0;
    .port_info 0 /OUTPUT 1 "rout";
    .port_info 1 /OUTPUT 1 "z";
    .port_info 2 /INPUT 1 "rin";
    .port_info 3 /INPUT 1 "a";
    .port_info 4 /INPUT 1 "b";
L_000001edc1fdd730 .functor AND 1, L_000001edc2047ab0, L_000001edc2046c50, C4<1>, C4<1>;
L_000001edc1fddc00 .functor AND 1, L_000001edc2046c50, L_000001edc1fdda40, C4<1>, C4<1>;
L_000001edc1fdd7a0 .functor OR 1, L_000001edc1fdd730, L_000001edc1fddc00, C4<0>, C4<0>;
L_000001edc1fdd810 .functor AND 1, L_000001edc2047ab0, L_000001edc1fdda40, C4<1>, C4<1>;
L_000001edc1fde0d0 .functor OR 1, L_000001edc1fdd7a0, L_000001edc1fdd810, C4<0>, C4<0>;
L_000001edc1fde140 .functor AND 1, L_000001edc20461b0, L_000001edc2047650, C4<1>, C4<1>;
L_000001edc20492f0 .functor AND 1, L_000001edc1fde140, L_000001edc1fdda40, C4<1>, C4<1>;
L_000001edc20498a0 .functor AND 1, L_000001edc20469d0, L_000001edc2046c50, C4<1>, C4<1>;
L_000001edc2049bb0 .functor AND 1, L_000001edc20498a0, L_000001edc2046110, C4<1>, C4<1>;
L_000001edc20497c0 .functor OR 1, L_000001edc20492f0, L_000001edc2049bb0, C4<0>, C4<0>;
L_000001edc2049de0 .functor AND 1, L_000001edc2047ab0, L_000001edc2047790, C4<1>, C4<1>;
L_000001edc2049ad0 .functor AND 1, L_000001edc2049de0, L_000001edc2047d30, C4<1>, C4<1>;
L_000001edc2049600 .functor OR 1, L_000001edc20497c0, L_000001edc2049ad0, C4<0>, C4<0>;
L_000001edc2049c20 .functor AND 1, L_000001edc2047ab0, L_000001edc2046c50, C4<1>, C4<1>;
L_000001edc2049b40 .functor AND 1, L_000001edc2049c20, L_000001edc1fdda40, C4<1>, C4<1>;
L_000001edc2049d70 .functor OR 1, L_000001edc2049600, L_000001edc2049b40, C4<0>, C4<0>;
v000001edc203de50_0 .net *"_ivl_1", 0 0, L_000001edc1fdd730;  1 drivers
v000001edc203c190_0 .net *"_ivl_11", 0 0, L_000001edc20461b0;  1 drivers
v000001edc203c2d0_0 .net *"_ivl_13", 0 0, L_000001edc2047650;  1 drivers
v000001edc203dc70_0 .net *"_ivl_15", 0 0, L_000001edc1fde140;  1 drivers
v000001edc203c4b0_0 .net *"_ivl_17", 0 0, L_000001edc20492f0;  1 drivers
v000001edc203d950_0 .net *"_ivl_19", 0 0, L_000001edc20469d0;  1 drivers
v000001edc203c410_0 .net *"_ivl_21", 0 0, L_000001edc20498a0;  1 drivers
v000001edc203d6d0_0 .net *"_ivl_23", 0 0, L_000001edc2046110;  1 drivers
v000001edc203ccd0_0 .net *"_ivl_25", 0 0, L_000001edc2049bb0;  1 drivers
v000001edc203d770_0 .net *"_ivl_27", 0 0, L_000001edc20497c0;  1 drivers
v000001edc203c550_0 .net *"_ivl_29", 0 0, L_000001edc2047790;  1 drivers
v000001edc203d4f0_0 .net *"_ivl_3", 0 0, L_000001edc1fddc00;  1 drivers
v000001edc203cff0_0 .net *"_ivl_31", 0 0, L_000001edc2049de0;  1 drivers
v000001edc203d450_0 .net *"_ivl_33", 0 0, L_000001edc2047d30;  1 drivers
v000001edc203d9f0_0 .net *"_ivl_35", 0 0, L_000001edc2049ad0;  1 drivers
v000001edc203c690_0 .net *"_ivl_37", 0 0, L_000001edc2049600;  1 drivers
v000001edc203dd10_0 .net *"_ivl_39", 0 0, L_000001edc2049c20;  1 drivers
v000001edc203cc30_0 .net *"_ivl_41", 0 0, L_000001edc2049b40;  1 drivers
v000001edc203c910_0 .net *"_ivl_5", 0 0, L_000001edc1fdd7a0;  1 drivers
v000001edc203dbd0_0 .net *"_ivl_7", 0 0, L_000001edc1fdd810;  1 drivers
v000001edc203ddb0_0 .net "a", 0 0, L_000001edc2047ab0;  1 drivers
v000001edc203da90_0 .net "b", 0 0, L_000001edc2046c50;  1 drivers
v000001edc203c9b0_0 .net "rin", 0 0, L_000001edc1fdda40;  alias, 1 drivers
v000001edc203ca50_0 .net "rout", 0 0, L_000001edc1fde0d0;  alias, 1 drivers
v000001edc203caf0_0 .net "z", 0 0, L_000001edc2049d70;  1 drivers
L_000001edc20461b0 .reduce/nor L_000001edc2047ab0;
L_000001edc2047650 .reduce/nor L_000001edc2046c50;
L_000001edc20469d0 .reduce/nor L_000001edc2047ab0;
L_000001edc2046110 .reduce/nor L_000001edc1fdda40;
L_000001edc2047790 .reduce/nor L_000001edc2046c50;
L_000001edc2047d30 .reduce/nor L_000001edc1fdda40;
    .scope S_000001edc1fe2690;
T_0 ;
    %pushi/vec4 0, 0, 2;
    %store/vec4 v000001edc2047470_0, 0, 2;
    %pushi/vec4 0, 0, 2;
    %store/vec4 v000001edc2047f10_0, 0, 2;
    %pushi/vec4 0, 0, 1;
    %store/vec4 v000001edc20471f0_0, 0, 1;
    %vpi_call 2 18 "$dumpfile", "test_fa.vcd" {0 0 0};
    %vpi_call 2 19 "$dumpvars" {0 0 0};
    %delay 1, 0;
    %vpi_call 2 21 "$display", "(a b rin) => (rout z)" {0 0 0};
    %pushi/vec4 0, 0, 32;
    %store/vec4 v000001edc2047510_0, 0, 32;
T_0.0 ;
    %load/vec4 v000001edc2047510_0;
    %cmpi/s 8, 0, 32;
    %jmp/0xz T_0.1, 5;
    %delay 2, 0;
    %load/vec4 v000001edc2047510_0;
    %pad/s 5;
    %split/vec4 1;
    %store/vec4 v000001edc20471f0_0, 0, 1;
    %split/vec4 2;
    %store/vec4 v000001edc2047f10_0, 0, 2;
    %store/vec4 v000001edc2047470_0, 0, 2;
    %delay 1, 0;
    %vpi_call 2 26 "$display", "(%b %b %b) => (%b %b)", v000001edc2047470_0, v000001edc2047f10_0, v000001edc20471f0_0, v000001edc2047010_0, v000001edc2047970_0 {0 0 0};
    ; show_stmt_assign_vector: Get l-value for compressed += operand
    %load/vec4 v000001edc2047510_0;
    %pushi/vec4 1, 0, 32;
    %add;
    %store/vec4 v000001edc2047510_0, 0, 32;
    %jmp T_0.0;
T_0.1 ;
    %vpi_call 2 28 "$finish" {0 0 0};
    %end;
    .thread T_0;
# The file index is used to find the file name in the following table.
:file_names 5;
    "N/A";
    "<interactive>";
    "main.v";
    "FA_2bit.v";
    "FA_1bit.v";
